# JRE version: OpenJDK Runtime Environment (8.0_242-b01) (build 1.8.0_242-release-1644-b01)
# Java VM: OpenJDK 64-Bit Server VM (25.242-b01 mixed mode windows-amd64 compressed oops)
Heap:
 PSYoungGen      total 299008K, used 27336K [0x00000000d5580000, 0x00000000ea900000, 0x0000000100000000)
  eden space 255488K, 1% used [0x00000000d5580000,0x00000000d5876490,0x00000000e4f00000)
  from space 43520K, 55% used [0x00000000e7e80000,0x00000000e963bda0,0x00000000ea900000)
  to   space 38912K, 0% used [0x00000000e5880000,0x00000000e5880000,0x00000000e7e80000)
 ParOldGen       total 121856K, used 86620K [0x0000000080000000, 0x0000000087700000, 0x00000000d5580000)
  object space 121856K, 71% used [0x0000000080000000,0x0000000085497280,0x0000000087700000)
 Metaspace       used 106630K, capacity 112165K, committed 112280K, reserved 1146880K
  class space    used 14085K, capacity 15172K, committed 15280K, reserved 1048576K
GC Heap History (10 events):
Event: 228.019 GC heap before
{Heap before GC invocations=20 (full 3):
 PSYoungGen      total 267776K, used 267744K [0x00000000d5580000, 0x00000000e8e00000, 0x0000000100000000)
  eden space 242688K, 100% used [0x00000000d5580000,0x00000000e4280000,0x00000000e4280000)
  from space 25088K, 99% used [0x00000000e6300000,0x00000000e7b78030,0x00000000e7b80000)
  to   space 33280K, 0% used [0x00000000e4280000,0x00000000e4280000,0x00000000e6300000)
 ParOldGen       total 121856K, used 43886K [0x0000000080000000, 0x0000000087700000, 0x00000000d5580000)
  object space 121856K, 36% used [0x0000000080000000,0x0000000082adbad8,0x0000000087700000)
 Metaspace       used 86693K, capacity 90813K, committed 90904K, reserved 1128448K
  class space    used 11444K, capacity 12282K, committed 12336K, reserved 1048576K
Event: 228.082 GC heap after
Heap after GC invocations=20 (full 3):
 PSYoungGen      total 275968K, used 22454K [0x00000000d5580000, 0x00000000ea080000, 0x0000000100000000)
  eden space 242688K, 0% used [0x00000000d5580000,0x00000000d5580000,0x00000000e4280000)
  from space 33280K, 67% used [0x00000000e4280000,0x00000000e586da30,0x00000000e6300000)
  to   space 34816K, 0% used [0x00000000e7e80000,0x00000000e7e80000,0x00000000ea080000)
 ParOldGen       total 121856K, used 54892K [0x0000000080000000, 0x0000000087700000, 0x00000000d5580000)
  object space 121856K, 45% used [0x0000000080000000,0x000000008359b078,0x0000000087700000)
 Metaspace       used 86693K, capacity 90813K, committed 90904K, reserved 1128448K
  class space    used 11444K, capacity 12282K, committed 12336K, reserved 1048576K
}
Event: 243.918 GC heap before
{Heap before GC invocations=21 (full 3):
 PSYoungGen      total 275968K, used 265142K [0x00000000d5580000, 0x00000000ea080000, 0x0000000100000000)
  eden space 242688K, 100% used [0x00000000d5580000,0x00000000e4280000,0x00000000e4280000)
  from space 33280K, 67% used [0x00000000e4280000,0x00000000e586da30,0x00000000e6300000)
  to   space 34816K, 0% used [0x00000000e7e80000,0x00000000e7e80000,0x00000000ea080000)
 ParOldGen       total 121856K, used 54892K [0x0000000080000000, 0x0000000087700000, 0x00000000d5580000)
  object space 121856K, 45% used [0x0000000080000000,0x000000008359b078,0x0000000087700000)
 Metaspace       used 89241K, capacity 93651K, committed 93848K, reserved 1130496K
  class space    used 11799K, capacity 12663K, committed 12720K, reserved 1048576K
Event: 243.954 GC heap after
Heap after GC invocations=21 (full 3):
 PSYoungGen      total 300032K, used 31386K [0x00000000d5580000, 0x00000000ea500000, 0x0000000100000000)
  eden space 265216K, 0% used [0x00000000d5580000,0x00000000d5580000,0x00000000e5880000)
  from space 34816K, 90% used [0x00000000e7e80000,0x00000000e9d26bd8,0x00000000ea080000)
  to   space 38912K, 0% used [0x00000000e5880000,0x00000000e5880000,0x00000000e7e80000)
 ParOldGen       total 121856K, used 54900K [0x0000000080000000, 0x0000000087700000, 0x00000000d5580000)
  object space 121856K, 45% used [0x0000000080000000,0x000000008359d078,0x0000000087700000)
 Metaspace       used 89241K, capacity 93651K, committed 93848K, reserved 1130496K
  class space    used 11799K, capacity 12663K, committed 12720K, reserved 1048576K
}
Event: 290.470 GC heap before
{Heap before GC invocations=22 (full 3):
 PSYoungGen      total 300032K, used 288864K [0x00000000d5580000, 0x00000000ea500000, 0x0000000100000000)
  eden space 265216K, 97% used [0x00000000d5580000,0x00000000e50f1710,0x00000000e5880000)
  from space 34816K, 90% used [0x00000000e7e80000,0x00000000e9d26bd8,0x00000000ea080000)
  to   space 38912K, 0% used [0x00000000e5880000,0x00000000e5880000,0x00000000e7e80000)
 ParOldGen       total 121856K, used 54900K [0x0000000080000000, 0x0000000087700000, 0x00000000d5580000)
  object space 121856K, 45% used [0x0000000080000000,0x000000008359d078,0x0000000087700000)
 Metaspace       used 93768K, capacity 98539K, committed 98584K, reserved 1134592K
  class space    used 12386K, capacity 13323K, committed 13360K, reserved 1048576K
Event: 290.517 GC heap after
Heap after GC invocations=22 (full 3):
 PSYoungGen      total 294400K, used 38886K [0x00000000d5580000, 0x00000000ea900000, 0x0000000100000000)
  eden space 255488K, 0% used [0x00000000d5580000,0x00000000d5580000,0x00000000e4f00000)
  from space 38912K, 99% used [0x00000000e5880000,0x00000000e7e79928,0x00000000e7e80000)
  to   space 43520K, 0% used [0x00000000e7e80000,0x00000000e7e80000,0x00000000ea900000)
 ParOldGen       total 121856K, used 57594K [0x0000000080000000, 0x0000000087700000, 0x00000000d5580000)
  object space 121856K, 47% used [0x0000000080000000,0x000000008383e938,0x0000000087700000)
 Metaspace       used 93768K, capacity 98539K, committed 98584K, reserved 1134592K
  class space    used 12386K, capacity 13323K, committed 13360K, reserved 1048576K
}
Event: 290.517 GC heap before
{Heap before GC invocations=23 (full 4):
 PSYoungGen      total 294400K, used 38886K [0x00000000d5580000, 0x00000000ea900000, 0x0000000100000000)
  eden space 255488K, 0% used [0x00000000d5580000,0x00000000d5580000,0x00000000e4f00000)
  from space 38912K, 99% used [0x00000000e5880000,0x00000000e7e79928,0x00000000e7e80000)
  to   space 43520K, 0% used [0x00000000e7e80000,0x00000000e7e80000,0x00000000ea900000)
 ParOldGen       total 121856K, used 57594K [0x0000000080000000, 0x0000000087700000, 0x00000000d5580000)
  object space 121856K, 47% used [0x0000000080000000,0x000000008383e938,0x0000000087700000)
 Metaspace       used 93768K, capacity 98539K, committed 98584K, reserved 1134592K
  class space    used 12386K, capacity 13323K, committed 13360K, reserved 1048576K
Event: 290.999 GC heap after
Heap after GC invocations=23 (full 4):
 PSYoungGen      total 294400K, used 0K [0x00000000d5580000, 0x00000000ea900000, 0x0000000100000000)
  eden space 255488K, 0% used [0x00000000d5580000,0x00000000d5580000,0x00000000e4f00000)
  from space 38912K, 0% used [0x00000000e5880000,0x00000000e5880000,0x00000000e7e80000)
  to   space 43520K, 0% used [0x00000000e7e80000,0x00000000e7e80000,0x00000000ea900000)
 ParOldGen       total 121856K, used 86612K [0x0000000080000000, 0x0000000087700000, 0x00000000d5580000)
  object space 121856K, 71% used [0x0000000080000000,0x0000000085495280,0x0000000087700000)
 Metaspace       used 93636K, capacity 98171K, committed 98584K, reserved 1134592K
  class space    used 12344K, capacity 13247K, committed 13360K, reserved 1048576K
}
Event: 295.575 GC heap before
{Heap before GC invocations=24 (full 4):
 PSYoungGen      total 294400K, used 255335K [0x00000000d5580000, 0x00000000ea900000, 0x0000000100000000)
  eden space 255488K, 99% used [0x00000000d5580000,0x00000000e4ed9d20,0x00000000e4f00000)
  from space 38912K, 0% used [0x00000000e5880000,0x00000000e5880000,0x00000000e7e80000)
  to   space 43520K, 0% used [0x00000000e7e80000,0x00000000e7e80000,0x00000000ea900000)
 ParOldGen       total 121856K, used 86612K [0x0000000080000000, 0x0000000087700000, 0x00000000d5580000)
  object space 121856K, 71% used [0x0000000080000000,0x0000000085495280,0x0000000087700000)
 Metaspace       used 106586K, capacity 112155K, committed 112280K, reserved 1146880K
  class space    used 14079K, capacity 15171K, committed 15280K, reserved 1048576K
Event: 295.622 GC heap after
Heap after GC invocations=24 (full 4):
 PSYoungGen      total 299008K, used 24303K [0x00000000d5580000, 0x00000000ea900000, 0x0000000100000000)
  eden space 255488K, 0% used [0x00000000d5580000,0x00000000d5580000,0x00000000e4f00000)
  from space 43520K, 55% used [0x00000000e7e80000,0x00000000e963bda0,0x00000000ea900000)
  to   space 38912K, 0% used [0x00000000e5880000,0x00000000e5880000,0x00000000e7e80000)
 ParOldGen       total 121856K, used 86620K [0x0000000080000000, 0x0000000087700000, 0x00000000d5580000)
  object space 121856K, 71% used [0x0000000080000000,0x0000000085497280,0x0000000087700000)
 Metaspace       used 106586K, capacity 112155K, committed 112280K, reserved 1146880K
  class space    used 14079K, capacity 15171K, committed 15280K, reserved 1048576K
}

